TN:
SF:/web/Hyral/packages/core/src/index.js
FNF:0
FNH:0
LF:0
LH:0
BRF:0
BRH:0
end_of_record
TN:
SF:/web/Hyral/packages/core/src/Connector/HttpConnector.js
FN:35,HttpConnector
FN:59,(anonymous_1)
FN:72,(anonymous_2)
FN:83,(anonymous_3)
FN:92,(anonymous_4)
FN:104,(anonymous_5)
FN:116,(anonymous_6)
FN:122,(anonymous_7)
FNF:8
FNH:8
FNDA:7,HttpConnector
FNDA:2,(anonymous_1)
FNDA:2,(anonymous_2)
FNDA:1,(anonymous_3)
FNDA:1,(anonymous_4)
FNDA:1,(anonymous_5)
FNDA:1,(anonymous_6)
FNDA:1,(anonymous_7)
DA:44,7
DA:46,7
DA:47,7
DA:48,7
DA:52,7
DA:60,2
DA:73,2
DA:84,1
DA:93,1
DA:105,1
DA:117,1
DA:123,1
LF:12
LH:12
BRDA:44,0,0,6
BRDA:44,0,1,1
BRDA:48,1,0,5
BRDA:48,1,1,2
BRF:4
BRH:4
end_of_record
TN:
SF:/web/Hyral/packages/core/src/Resource/Collection.js
FN:17,collectionLoad
FN:18,(anonymous_1)
FN:28,(anonymous_2)
FN:40,(anonymous_3)
FN:54,Collection
FN:72,(anonymous_5)
FN:76,(anonymous_6)
FN:80,(anonymous_7)
FN:84,(anonymous_8)
FN:91,(anonymous_9)
FN:98,(anonymous_10)
FN:105,(anonymous_11)
FN:112,(anonymous_12)
FN:119,(anonymous_13)
FN:126,(anonymous_14)
FN:133,(anonymous_15)
FN:147,(anonymous_16)
FN:149,(anonymous_17)
FN:154,(anonymous_18)
FNF:19
FNH:19
FNDA:10,collectionLoad
FNDA:4,(anonymous_1)
FNDA:1,(anonymous_2)
FNDA:1,(anonymous_3)
FNDA:10,Collection
FNDA:8,(anonymous_5)
FNDA:5,(anonymous_6)
FNDA:38,(anonymous_7)
FNDA:6,(anonymous_8)
FNDA:6,(anonymous_9)
FNDA:5,(anonymous_10)
FNDA:6,(anonymous_11)
FNDA:12,(anonymous_12)
FNDA:8,(anonymous_13)
FNDA:11,(anonymous_14)
FNDA:19,(anonymous_15)
FNDA:10,(anonymous_16)
FNDA:10,(anonymous_17)
FNDA:2,(anonymous_18)
DA:18,10
DA:19,4
DA:21,2
DA:24,2
DA:28,2
DA:29,1
DA:41,1
DA:55,10
DA:71,10
DA:73,8
DA:77,5
DA:81,38
DA:85,6
DA:92,6
DA:99,5
DA:106,6
DA:113,12
DA:120,8
DA:127,11
DA:134,19
DA:138,10
DA:140,10
DA:143,4
DA:147,4
DA:148,10
DA:149,10
DA:154,4
DA:155,2
DA:157,2
DA:159,2
DA:160,2
DA:162,2
LF:32
LH:32
BRDA:19,0,0,2
BRDA:19,0,1,2
BRDA:19,1,0,4
BRDA:19,1,1,2
BRDA:37,2,0,1
BRDA:37,2,1,0
BRDA:92,3,0,6
BRDA:92,3,1,2
BRDA:99,4,0,5
BRDA:99,4,1,1
BRF:10
BRH:9
end_of_record
TN:
SF:/web/Hyral/packages/core/src/Resource/ParameterBag.js
FN:29,ParameterBag
FN:41,(anonymous_1)
FN:48,(anonymous_2)
FN:59,(anonymous_3)
FN:68,(anonymous_4)
FN:75,(anonymous_5)
FN:84,(anonymous_6)
FN:91,(anonymous_7)
FN:100,(anonymous_8)
FN:108,(anonymous_9)
FN:119,(anonymous_10)
FN:125,(anonymous_11)
FN:132,(anonymous_12)
FN:139,(anonymous_13)
FN:146,(anonymous_14)
FNF:15
FNH:15
FNDA:62,ParameterBag
FNDA:16,(anonymous_1)
FNDA:3,(anonymous_2)
FNDA:8,(anonymous_3)
FNDA:10,(anonymous_4)
FNDA:5,(anonymous_5)
FNDA:12,(anonymous_6)
FNDA:5,(anonymous_7)
FNDA:13,(anonymous_8)
FNDA:3,(anonymous_9)
FNDA:5,(anonymous_10)
FNDA:21,(anonymous_11)
FNDA:81,(anonymous_12)
FNDA:50,(anonymous_13)
FNDA:40,(anonymous_14)
DA:30,62
DA:37,62
DA:42,16
DA:49,3
DA:50,3
DA:51,3
DA:60,8
DA:69,10
DA:76,5
DA:85,12
DA:92,5
DA:101,13
DA:109,3
DA:120,5
DA:126,21
DA:133,81
DA:140,50
DA:146,7
DA:147,40
DA:149,40
DA:151,40
DA:152,40
DA:154,40
LF:23
LH:23
BRF:0
BRH:0
end_of_record
TN:
SF:/web/Hyral/packages/core/src/Resource/Repository.js
FN:16,Repository
FN:23,(anonymous_1)
FN:24,(anonymous_2)
FN:31,(anonymous_3)
FN:32,(anonymous_4)
FN:39,(anonymous_5)
FN:40,(anonymous_6)
FN:47,(anonymous_7)
FN:55,(anonymous_8)
FN:63,(anonymous_9)
FN:71,(anonymous_10)
FNF:11
FNH:11
FNDA:19,Repository
FNDA:2,(anonymous_1)
FNDA:2,(anonymous_2)
FNDA:2,(anonymous_3)
FNDA:2,(anonymous_4)
FNDA:2,(anonymous_5)
FNDA:2,(anonymous_6)
FNDA:1,(anonymous_7)
FNDA:2,(anonymous_8)
FNDA:2,(anonymous_9)
FNDA:1,(anonymous_10)
DA:17,19
DA:24,2
DA:32,2
DA:40,2
DA:48,1
DA:56,2
DA:64,2
DA:72,1
DA:76,19
DA:89,19
LF:10
LH:10
BRDA:32,0,0,2
BRDA:32,0,1,0
BRDA:40,1,0,2
BRDA:40,1,1,1
BRF:4
BRH:3
end_of_record
TN:
SF:/web/Hyral/packages/core/src/Resource/Resource.js
FN:38,Resource
FN:54,(anonymous_1)
FN:61,(anonymous_2)
FN:68,(anonymous_3)
FN:75,(anonymous_4)
FN:82,(anonymous_5)
FN:89,(anonymous_6)
FN:96,(anonymous_7)
FN:102,(anonymous_8)
FN:109,(anonymous_9)
FN:116,(anonymous_10)
FN:134,(anonymous_11)
FN:136,(anonymous_12)
FN:154,(anonymous_13)
FNF:14
FNH:14
FNDA:72,Resource
FNDA:121,(anonymous_1)
FNDA:37,(anonymous_2)
FNDA:102,(anonymous_3)
FNDA:13,(anonymous_4)
FNDA:86,(anonymous_5)
FNDA:1,(anonymous_6)
FNDA:4,(anonymous_7)
FNDA:113,(anonymous_8)
FNDA:48,(anonymous_9)
FNDA:15,(anonymous_10)
FNDA:72,(anonymous_11)
FNDA:77,(anonymous_12)
FNDA:2,(anonymous_13)
DA:39,72
DA:45,72
DA:50,72
DA:55,121
DA:62,37
DA:69,102
DA:76,13
DA:83,86
DA:90,1
DA:97,4
DA:103,113
DA:110,48
DA:117,15
DA:122,18
DA:134,18
DA:135,72
DA:136,77
DA:154,18
LF:18
LH:18
BRDA:38,0,0,0
BRDA:38,1,0,0
BRDA:38,2,0,0
BRDA:38,3,0,0
BRDA:41,4,0,72
BRDA:41,4,1,8
BRDA:42,5,0,72
BRDA:42,5,1,56
BRDA:134,6,0,0
BRDA:134,7,0,0
BRDA:134,8,0,8
BRDA:134,9,0,56
BRDA:157,10,0,2
BRDA:157,10,1,1
BRDA:158,11,0,2
BRDA:158,11,1,2
BRF:16
BRH:10
end_of_record
TN:
SF:/web/Hyral/packages/core/src/Resource/repositoryManager.js
FN:29,(anonymous_0)
FN:39,(anonymous_1)
FN:50,(anonymous_2)
FN:56,(anonymous_3)
FNF:4
FNH:4
FNDA:17,(anonymous_0)
FNDA:18,(anonymous_1)
FNDA:17,(anonymous_2)
FNDA:1,(anonymous_3)
DA:14,22
DA:19,22
DA:21,22
DA:30,17
DA:32,17
DA:34,16
DA:40,18
DA:41,1
DA:43,17
DA:51,17
DA:57,1
LF:11
LH:11
BRDA:29,0,0,4
BRDA:40,1,0,1
BRDA:40,1,1,17
BRDA:51,2,0,17
BRDA:51,2,1,11
BRF:5
BRH:5
end_of_record
TN:
SF:/web/Hyral/packages/core/src/Resource/Change/ChangeSet.js
FN:25,ChangeSet
FN:31,(anonymous_1)
FN:43,(anonymous_2)
FNF:3
FNH:3
FNDA:8,ChangeSet
FNDA:61,(anonymous_1)
FNDA:8,(anonymous_2)
DA:27,8
DA:29,8
DA:32,61
DA:43,8
LF:4
LH:4
BRF:0
BRH:0
end_of_record
TN:
SF:/web/Hyral/packages/core/src/Resource/Change/ChangeSetExecuter.js
FN:2,ChangeSetExecutor
FN:9,(anonymous_1)
FN:12,(anonymous_2)
FN:13,(anonymous_3)
FN:19,(anonymous_4)
FN:22,(anonymous_5)
FNF:6
FNH:6
FNDA:8,ChangeSetExecutor
FNDA:1,(anonymous_1)
FNDA:1,(anonymous_2)
FNDA:2,(anonymous_3)
FNDA:3,(anonymous_4)
FNDA:6,(anonymous_5)
DA:3,8
DA:10,1
DA:12,1
DA:13,2
DA:20,3
DA:22,6
LF:6
LH:6
BRF:0
BRH:0
end_of_record
TN:
SF:/web/Hyral/packages/core/src/Resource/Change/Inspection.js
FN:9,resourceIsNew
FN:18,resourceHasChanged
FN:30,isTask
FNF:3
FNH:3
FNDA:72,resourceIsNew
FNDA:16,resourceHasChanged
FNDA:5,isTask
DA:10,72
DA:19,16
DA:31,5
LF:3
LH:3
BRDA:19,0,0,16
BRDA:19,0,1,13
BRDA:19,0,2,8
BRDA:31,1,0,5
BRDA:31,1,1,2
BRDA:31,1,2,1
BRF:6
BRH:6
end_of_record
TN:
SF:/web/Hyral/packages/core/src/Resource/Change/Relation/Relation.js
FN:13,getRelatedResources
FN:28,getAllRelatedResources
FN:35,(anonymous_2)
FN:45,getChangedResourceRelations
FN:58,(anonymous_4)
FN:60,(anonymous_5)
FN:63,(anonymous_6)
FNF:7
FNH:7
FNDA:35,getRelatedResources
FNDA:20,getAllRelatedResources
FNDA:17,(anonymous_2)
FNDA:12,getChangedResourceRelations
FNDA:7,(anonymous_4)
FNDA:5,(anonymous_5)
FNDA:6,(anonymous_6)
DA:14,35
DA:15,4
DA:18,31
DA:29,20
DA:30,0
DA:33,20
DA:35,17
DA:46,12
DA:47,0
DA:50,12
DA:51,3
DA:54,9
DA:55,3
DA:58,7
DA:60,5
DA:63,6
LF:16
LH:14
BRDA:14,0,0,4
BRDA:14,0,1,31
BRDA:18,1,0,3
BRDA:18,1,1,28
BRDA:29,2,0,0
BRDA:29,2,1,20
BRDA:46,3,0,0
BRDA:46,3,1,12
BRDA:50,4,0,3
BRDA:50,4,1,9
BRDA:50,5,0,12
BRDA:50,5,1,9
BRDA:54,6,0,3
BRDA:54,6,1,6
BRDA:54,7,0,9
BRDA:54,7,1,3
BRF:16
BRH:14
end_of_record
TN:
SF:/web/Hyral/packages/core/src/Resource/Change/Task/Task.js
FN:27,taskExecutor
FN:35,(anonymous_1)
FN:58,Task
FN:79,(anonymous_3)
FN:82,(anonymous_4)
FN:85,(anonymous_5)
FN:88,(anonymous_6)
FN:91,(anonymous_7)
FN:94,(anonymous_8)
FN:97,(anonymous_9)
FN:100,(anonymous_10)
FN:103,(anonymous_11)
FN:106,(anonymous_12)
FN:109,(anonymous_13)
FN:118,(anonymous_14)
FN:123,(anonymous_15)
FN:126,(anonymous_16)
FN:127,(anonymous_17)
FNF:18
FNH:16
FNDA:3,taskExecutor
FNDA:3,(anonymous_1)
FNDA:30,Task
FNDA:127,(anonymous_3)
FNDA:214,(anonymous_4)
FNDA:10,(anonymous_5)
FNDA:30,(anonymous_6)
FNDA:30,(anonymous_7)
FNDA:14,(anonymous_8)
FNDA:7,(anonymous_9)
FNDA:7,(anonymous_10)
FNDA:3,(anonymous_11)
FNDA:6,(anonymous_12)
FNDA:5,(anonymous_13)
FNDA:3,(anonymous_14)
FNDA:3,(anonymous_15)
FNDA:0,(anonymous_16)
FNDA:0,(anonymous_17)
DA:28,3
DA:29,0
DA:30,0
DA:33,3
DA:35,3
DA:36,3
DA:38,3
DA:39,1
DA:40,1
DA:43,2
DA:44,2
DA:45,2
DA:59,30
DA:61,30
DA:66,30
DA:71,30
DA:73,30
DA:78,30
DA:80,127
DA:83,214
DA:86,10
DA:89,30
DA:92,30
DA:95,14
DA:98,7
DA:101,7
DA:104,3
DA:107,6
DA:110,5
DA:114,30
DA:119,3
DA:120,0
DA:123,3
DA:124,3
DA:125,0
DA:126,0
DA:127,0
DA:129,0
DA:132,3
DA:135,3
LF:40
LH:33
BRDA:28,0,0,0
BRDA:28,0,1,3
BRDA:28,1,0,3
BRDA:28,1,1,3
BRDA:38,2,0,1
BRDA:38,2,1,2
BRDA:38,3,0,3
BRDA:38,3,1,2
BRDA:58,4,0,21
BRDA:119,5,0,0
BRDA:119,5,1,3
BRDA:124,6,0,0
BRDA:124,6,1,3
BRF:13
BRH:10
end_of_record
TN:
SF:/web/Hyral/packages/core/src/Resource/Change/Task/TaskGenerator.js
FN:11,TaskGenerator
FN:18,(anonymous_1)
FN:30,(anonymous_2)
FN:55,(anonymous_3)
FN:59,(anonymous_4)
FN:69,(anonymous_5)
FNF:6
FNH:6
FNDA:8,TaskGenerator
FNDA:10,(anonymous_1)
FNDA:4,(anonymous_2)
FNDA:4,(anonymous_3)
FNDA:3,(anonymous_4)
FNDA:1,(anonymous_5)
DA:12,8
DA:19,10
DA:20,1
DA:23,9
DA:24,1
DA:27,8
DA:28,8
DA:30,8
DA:31,4
DA:41,4
DA:42,1
DA:45,4
DA:47,4
DA:56,4
DA:57,4
DA:58,4
DA:59,3
DA:62,4
DA:70,1
LF:19
LH:19
BRDA:19,0,0,1
BRDA:19,0,1,9
BRDA:19,1,0,10
BRDA:19,1,1,1
BRDA:23,2,0,1
BRDA:23,2,1,8
BRDA:27,3,0,3
BRDA:27,3,1,5
BRDA:41,4,0,1
BRDA:41,4,1,3
BRF:10
BRH:10
end_of_record
TN:
SF:/web/Hyral/packages/core/src/Resource/Change/Task/Helpers/filterExistingDependencies.js
FN:2,filterExistingDependencies
FN:4,(anonymous_1)
FNF:2
FNH:2
FNDA:22,filterExistingDependencies
FNDA:14,(anonymous_1)
DA:3,22
DA:4,14
LF:2
LH:2
BRF:0
BRH:0
end_of_record
TN:
SF:/web/Hyral/packages/core/src/Resource/Change/Task/Helpers/findCreateTasksForResources.js
FN:4,findCreateTasksForResources
FN:10,(anonymous_1)
FN:11,(anonymous_2)
FN:12,(anonymous_3)
FNF:4
FNH:4
FNDA:23,findCreateTasksForResources
FNDA:20,(anonymous_1)
FNDA:15,(anonymous_2)
FNDA:15,(anonymous_3)
DA:5,23
DA:6,0
DA:9,23
DA:10,20
DA:11,15
DA:12,15
LF:6
LH:5
BRDA:5,0,0,0
BRDA:5,0,1,23
BRF:2
BRH:1
end_of_record
TN:
SF:/web/Hyral/packages/core/src/Resource/Change/Task/Helpers/findTaskByPayload.js
FN:8,findTaskByPayload
FN:9,(anonymous_1)
FNF:2
FNH:2
FNDA:30,findTaskByPayload
FNDA:89,(anonymous_1)
DA:9,89
LF:1
LH:1
BRF:0
BRH:0
end_of_record
TN:
SF:/web/Hyral/packages/core/src/Resource/Change/Task/Helpers/setTaskDependencies.js
FN:9,setTaskDependencies
FN:16,(anonymous_1)
FN:17,(anonymous_2)
FNF:3
FNH:3
FNDA:4,setTaskDependencies
FNDA:21,(anonymous_1)
FNDA:42,(anonymous_2)
DA:10,4
DA:15,4
DA:16,21
DA:17,42
LF:4
LH:4
BRF:0
BRH:0
end_of_record
TN:
SF:/web/Hyral/packages/core/src/Resource/Change/Task/Helpers/Dependencies/createTaskDependencies.js
FN:5,createTaskDependencies
FNF:1
FNH:1
FNDA:21,createTaskDependencies
DA:6,21
DA:7,7
DA:10,14
DA:12,14
DA:17,14
DA:18,12
DA:21,2
DA:23,2
LF:8
LH:8
BRDA:6,0,0,7
BRDA:6,0,1,14
BRDA:6,1,0,21
BRDA:6,1,1,15
BRDA:17,2,0,12
BRDA:17,2,1,2
BRDA:17,3,0,14
BRDA:17,3,1,14
BRF:8
BRH:8
end_of_record
TN:
SF:/web/Hyral/packages/core/src/Resource/Change/Task/Helpers/Dependencies/relatedTaskDependencies.js
FN:4,relatedTaskDependencies
FNF:1
FNH:1
FNDA:21,relatedTaskDependencies
DA:5,21
DA:6,14
DA:9,7
DA:14,7
DA:15,5
DA:18,2
DA:20,2
LF:7
LH:7
BRDA:5,0,0,14
BRDA:5,0,1,7
BRDA:14,1,0,5
BRDA:14,1,1,2
BRDA:14,2,0,7
BRDA:14,2,1,7
BRF:6
BRH:6
end_of_record
TN:
SF:/web/Hyral/packages/core/src/Resource/Decorator/Collection/parameterBagDecorator.js
FN:12,createProxyProperty
FN:17,(anonymous_1)
FN:25,(anonymous_2)
FN:41,collectionParameterBagDecorator
FN:47,(anonymous_4)
FN:48,(anonymous_5)
FNF:6
FNH:6
FNDA:100,createProxyProperty
FNDA:10,(anonymous_1)
FNDA:6,(anonymous_2)
FNDA:10,collectionParameterBagDecorator
FNDA:130,(anonymous_4)
FNDA:100,(anonymous_5)
DA:13,100
DA:14,40
DA:17,10
DA:22,60
DA:26,6
DA:27,6
DA:30,6
DA:42,10
DA:44,10
DA:47,130
DA:48,100
DA:61,10
LF:12
LH:12
BRDA:13,0,0,40
BRDA:13,0,1,60
BRF:2
BRH:2
end_of_record
TN:
SF:/web/Hyral/packages/core/src/Resource/Decorator/Resource/lazyLoadingDecorator.js
FN:4,lazyLoadingDecorator
FN:9,(anonymous_1)
FN:19,(anonymous_2)
FNF:3
FNH:3
FNDA:72,lazyLoadingDecorator
FNDA:102,(anonymous_1)
FNDA:2,(anonymous_2)
DA:5,72
DA:7,72
DA:10,102
DA:11,100
DA:14,2
DA:16,2
DA:18,2
DA:20,2
DA:21,2
DA:24,2
DA:28,72
LF:11
LH:11
BRDA:10,0,0,100
BRDA:10,0,1,2
BRDA:10,1,0,102
BRDA:10,1,1,2
BRF:4
BRH:4
end_of_record
TN:
SF:/web/Hyral/packages/core/src/Resource/Decorator/Resource/relationshipsDecorator.js
FN:3,relationshipsDecorator
FN:8,(anonymous_1)
FN:22,(anonymous_2)
FNF:3
FNH:3
FNDA:47,relationshipsDecorator
FNDA:46,(anonymous_1)
FNDA:3,(anonymous_2)
DA:4,47
DA:6,47
DA:9,46
DA:11,46
DA:12,42
DA:15,4
DA:19,47
DA:22,3
LF:8
LH:8
BRDA:11,0,0,42
BRDA:11,0,1,4
BRDA:12,1,0,42
BRDA:12,1,1,13
BRF:4
BRH:4
end_of_record
TN:
SF:/web/Hyral/packages/core/src/State/State.js
FN:6,currentState
FN:13,previousState
FN:21,mutateState
FN:25,(anonymous_3)
FN:26,(anonymous_4)
FN:37,setState
FN:44,resetState
FNF:7
FNH:7
FNDA:734,currentState
FNDA:40,previousState
FNDA:55,mutateState
FNDA:251,(anonymous_3)
FNDA:194,(anonymous_4)
FNDA:49,setState
FNDA:44,resetState
DA:7,734
DA:14,40
DA:22,55
DA:24,55
DA:25,251
DA:27,194
DA:30,55
DA:38,49
DA:46,44
DA:48,44
LF:10
LH:10
BRDA:14,0,0,29
BRDA:14,0,1,11
BRDA:27,1,0,58
BRDA:27,1,1,136
BRF:4
BRH:4
end_of_record
TN:
SF:/web/Hyral/packages/json-api/src/index.js
FNF:0
FNH:0
LF:0
LH:0
BRF:0
BRH:0
end_of_record
TN:
SF:/web/Hyral/packages/json-api/src/Request/paramsSerializer.js
FN:10,paramsSerializer
FNF:1
FNH:1
FNDA:6,paramsSerializer
DA:11,6
DA:12,5
DA:15,1
LF:3
LH:3
BRDA:11,0,0,5
BRDA:11,0,1,1
BRDA:11,1,0,6
BRDA:11,1,1,2
BRF:4
BRH:4
end_of_record
TN:
SF:/web/Hyral/packages/json-api/src/Request/requestSerializer.js
FN:8,requestSerializer
FN:14,(anonymous_1)
FNF:2
FNH:2
FNDA:6,requestSerializer
FNDA:12,(anonymous_1)
DA:9,6
DA:14,12
LF:2
LH:2
BRF:0
BRH:0
end_of_record
TN:
SF:/web/Hyral/packages/json-api/src/Request/urlSerializer.js
FN:10,(anonymous_0)
FN:20,(anonymous_1)
FN:29,(anonymous_2)
FN:39,(anonymous_3)
FN:49,(anonymous_4)
FN:60,(anonymous_5)
FNF:6
FNH:6
FNDA:1,(anonymous_0)
FNDA:1,(anonymous_1)
FNDA:1,(anonymous_2)
FNDA:1,(anonymous_3)
FNDA:1,(anonymous_4)
FNDA:1,(anonymous_5)
DA:4,1
DA:11,1
DA:21,1
DA:30,1
DA:40,1
DA:50,1
DA:61,1
LF:7
LH:7
BRF:0
BRH:0
end_of_record
TN:
SF:/web/Hyral/packages/json-api/src/Request/urlSerializerPlural.js
FN:12,(anonymous_0)
FN:22,(anonymous_1)
FN:31,(anonymous_2)
FN:41,(anonymous_3)
FN:51,(anonymous_4)
FN:62,(anonymous_5)
FNF:6
FNH:6
FNDA:1,(anonymous_0)
FNDA:1,(anonymous_1)
FNDA:1,(anonymous_2)
FNDA:1,(anonymous_3)
FNDA:1,(anonymous_4)
FNDA:1,(anonymous_5)
DA:13,1
DA:23,1
DA:32,1
DA:42,1
DA:52,1
DA:63,1
LF:6
LH:6
BRF:0
BRH:0
end_of_record
TN:
SF:/web/Hyral/packages/json-api/src/Request/Params/serializeFilters.js
FN:4,serializeFilters
FN:7,(anonymous_1)
FNF:2
FNH:2
FNDA:2,serializeFilters
FNDA:3,(anonymous_1)
DA:5,2
DA:7,2
DA:8,3
DA:11,2
LF:4
LH:4
BRF:0
BRH:0
end_of_record
TN:
SF:/web/Hyral/packages/json-api/src/Request/Params/serializePaging.js
FN:6,serializePaging
FNF:1
FNH:1
FNDA:2,serializePaging
DA:7,2
LF:1
LH:1
BRF:0
BRH:0
end_of_record
TN:
SF:/web/Hyral/packages/json-api/src/Request/Params/serializeParams.js
FN:4,serializeParams
FNF:1
FNH:1
FNDA:2,serializeParams
DA:5,2
LF:1
LH:1
BRDA:5,0,0,2
BRDA:5,0,1,0
BRF:2
BRH:1
end_of_record
TN:
SF:/web/Hyral/packages/json-api/src/Request/Params/serializeSorting.js
FN:4,serializeSorting
FN:8,(anonymous_1)
FNF:2
FNH:2
FNDA:2,serializeSorting
FNDA:5,(anonymous_1)
DA:5,2
DA:6,0
DA:8,2
DA:9,5
DA:11,5
DA:14,2
LF:6
LH:5
BRDA:5,0,0,0
BRDA:5,0,1,2
BRDA:9,1,0,2
BRDA:9,1,1,3
BRF:4
BRH:3
end_of_record
TN:
SF:/web/Hyral/packages/json-api/src/Request/Serializers/serializeCreateUpdateTask.js
FN:10,serializeCreateUpdateTask
FNF:1
FNH:1
FNDA:9,serializeCreateUpdateTask
DA:11,9
DA:12,0
DA:15,9
DA:16,3
DA:19,6
DA:20,6
DA:21,6
DA:22,6
DA:26,6
LF:9
LH:8
BRDA:11,0,0,0
BRDA:11,0,1,9
BRDA:15,1,0,3
BRDA:15,1,1,6
BRDA:15,2,0,9
BRDA:15,2,1,7
BRDA:20,3,0,4
BRDA:20,3,1,2
BRDA:22,4,0,2
BRDA:22,4,1,4
BRDA:22,5,0,6
BRDA:22,5,1,6
BRF:12
BRH:11
end_of_record
TN:
SF:/web/Hyral/packages/json-api/src/Request/Serializers/serializeRelationTask.js
FN:10,serializeRelationTask
FNF:1
FNH:1
FNDA:13,serializeRelationTask
DA:11,13
DA:12,3
DA:15,10
DA:16,0
DA:19,10
DA:20,2
DA:25,8
LF:7
LH:6
BRDA:11,0,0,3
BRDA:11,0,1,10
BRDA:15,1,0,0
BRDA:15,1,1,10
BRDA:19,2,0,2
BRDA:19,2,1,8
BRDA:19,3,0,10
BRDA:19,3,1,10
BRDA:26,4,0,4
BRDA:26,4,1,4
BRF:10
BRH:9
end_of_record
TN:
SF:/web/Hyral/packages/json-api/src/Request/Serializers/Helpers/serializeAttributes.js
FN:8,serializeAttributes
FNF:1
FNH:1
FNDA:6,serializeAttributes
DA:9,6
LF:1
LH:1
BRF:0
BRH:0
end_of_record
TN:
SF:/web/Hyral/packages/json-api/src/Request/Serializers/Helpers/serializeRelationship.js
FN:6,serializeRelationship
FNF:1
FNH:1
FNDA:12,serializeRelationship
DA:7,12
LF:1
LH:1
BRF:0
BRH:0
end_of_record
TN:
SF:/web/Hyral/packages/json-api/src/Request/Serializers/Helpers/serializeResourceRelationships.js
FN:8,serializeResourceRelationships
FN:10,(anonymous_1)
FNF:2
FNH:2
FNDA:2,serializeResourceRelationships
FNDA:4,(anonymous_1)
DA:9,2
DA:11,4
DA:13,4
LF:3
LH:3
BRF:0
BRH:0
end_of_record
TN:
SF:/web/Hyral/packages/json-api/src/Response/responseNormalizer.js
FN:39,responseNormalizer
FNF:1
FNH:1
FNDA:8,responseNormalizer
DA:40,8
DA:41,0
DA:44,8
DA:45,0
DA:48,8
DA:50,8
DA:51,8
DA:53,8
DA:54,8
DA:56,8
DA:57,8
DA:58,0
DA:63,8
LF:13
LH:10
BRDA:40,0,0,0
BRDA:40,0,1,8
BRDA:44,1,0,0
BRDA:44,1,1,8
BRDA:50,2,0,8
BRDA:50,2,1,0
BRDA:53,3,0,0
BRDA:53,3,1,8
BRDA:57,4,0,0
BRDA:57,4,1,8
BRF:10
BRH:5
end_of_record
TN:
SF:/web/Hyral/packages/json-api/src/Response/Resource/normalizePaging.js
FN:9,normalizePaging
FNF:1
FNH:1
FNDA:8,normalizePaging
DA:10,8
DA:11,0
DA:17,8
DA:21,8
DA:22,8
DA:24,8
LF:6
LH:5
BRDA:10,0,0,0
BRDA:10,0,1,8
BRDA:10,1,0,8
BRDA:10,1,1,8
BRF:4
BRH:3
end_of_record
TN:
SF:/web/Hyral/packages/json-api/src/Response/Resource/normalizeResource.js
FN:5,guessRelationCardinality
FN:14,getResourcesFromData
FN:17,(anonymous_2)
FN:26,getRelationDefinitionFromData
FN:28,(anonymous_4)
FN:45,normalizeResource
FNF:6
FNH:6
FNDA:14,guessRelationCardinality
FNDA:16,getResourcesFromData
FNDA:56,(anonymous_2)
FNDA:4,getRelationDefinitionFromData
FNDA:14,(anonymous_4)
FNDA:32,normalizeResource
DA:6,14
DA:15,16
DA:17,56
DA:27,4
DA:28,14
DA:46,32
DA:47,16
DA:50,16
DA:56,16
DA:57,4
DA:60,16
LF:11
LH:11
BRDA:6,0,0,4
BRDA:6,0,1,10
BRDA:46,1,0,16
BRDA:46,1,1,16
BRDA:56,2,0,4
BRDA:56,2,1,12
BRF:6
BRH:6
end_of_record
TN:
SF:/web/Hyral/packages/json-api/src/Response/Resource/normalizeResources.js
FN:8,normalizeResources
FN:11,(anonymous_1)
FNF:2
FNH:2
FNDA:16,normalizeResources
FNDA:32,(anonymous_1)
DA:9,16
DA:11,16
DA:12,32
DA:15,16
LF:4
LH:4
BRF:0
BRH:0
end_of_record
TN:
SF:/web/Hyral/packages/json-api/src/Response/Resource/Relationship/relationshipApplyToData.js
FN:7,relationshipApplyToData
FN:8,(anonymous_1)
FN:9,(anonymous_2)
FN:22,(anonymous_3)
FNF:4
FNH:4
FNDA:16,relationshipApplyToData
FNDA:32,(anonymous_1)
FNDA:74,(anonymous_2)
FNDA:16,(anonymous_3)
DA:8,16
DA:9,32
DA:10,74
DA:11,26
DA:14,48
DA:16,32
DA:17,32
DA:21,16
DA:22,16
LF:9
LH:9
BRDA:10,0,0,26
BRDA:10,0,1,48
BRDA:14,1,0,32
BRDA:14,1,1,16
BRF:4
BRH:4
end_of_record
TN:
SF:/web/Hyral/packages/json-api/src/Response/Resource/Relationship/relationshipGetResource.js
FN:9,relationshipGetResource
FNF:1
FNH:1
FNDA:48,relationshipGetResource
DA:10,48
LF:1
LH:1
BRDA:10,0,0,48
BRDA:10,0,1,24
BRF:2
BRH:2
end_of_record
TN:
SF:/web/Hyral/packages/json-api/src/Response/Resource/Relationship/relationshipGetType.js
FN:6,relationshipGetType
FNF:1
FNH:1
FNDA:14,relationshipGetType
DA:7,14
DA:8,4
DA:11,10
DA:12,2
DA:15,8
LF:5
LH:5
BRDA:7,0,0,4
BRDA:7,0,1,10
BRDA:7,1,0,14
BRDA:7,1,1,12
BRDA:7,1,2,4
BRDA:11,2,0,2
BRDA:11,2,1,8
BRF:7
BRH:7
end_of_record
TN:
SF:/web/Hyral/packages/vue/src/createVuexPlugin.js
FN:3,(anonymous_0)
FN:3,(anonymous_1)
FN:4,(anonymous_2)
FNF:3
FNH:3
FNDA:1,(anonymous_0)
FNDA:1,(anonymous_1)
FNDA:2,(anonymous_2)
DA:3,1
DA:4,1
DA:5,2
DA:6,2
LF:4
LH:4
BRF:0
BRH:0
end_of_record
TN:
SF:/web/Hyral/packages/vue/src/index.js
FNF:0
FNH:0
LF:0
LH:0
BRF:0
BRH:0
end_of_record
TN:
SF:/web/Hyral/packages/vue/src/Collection/createVuexCollectionFromState.js
FN:3,createVuexCollectionFromState
FN:7,(anonymous_1)
FN:7,(anonymous_2)
FN:13,(anonymous_3)
FN:24,(anonymous_4)
FNF:5
FNH:4
FNDA:3,createVuexCollectionFromState
FNDA:1,(anonymous_1)
FNDA:1,(anonymous_2)
FNDA:1,(anonymous_3)
FNDA:0,(anonymous_4)
DA:4,3
DA:6,3
DA:7,3
DA:8,1
DA:13,1
DA:14,1
DA:16,1
DA:19,3
DA:20,3
DA:25,0
DA:27,0
DA:35,3
LF:12
LH:10
BRF:0
BRH:0
end_of_record
TN:
SF:/web/Hyral/packages/vue/src/Mixin/Collection.js
FN:4,(anonymous_0)
FN:16,(anonymous_1)
FN:25,(anonymous_2)
FN:33,(anonymous_3)
FNF:4
FNH:4
FNDA:1,(anonymous_0)
FNDA:1,(anonymous_1)
FNDA:1,(anonymous_2)
FNDA:2,(anonymous_3)
DA:5,1
DA:7,1
DA:8,1
DA:11,0
DA:13,0
DA:17,1
DA:18,0
DA:23,1
DA:26,1
DA:27,0
DA:30,1
DA:34,2
LF:12
LH:8
BRDA:7,0,0,1
BRDA:7,0,1,0
BRDA:17,1,0,0
BRDA:17,1,1,1
BRDA:17,2,0,1
BRDA:17,2,1,1
BRDA:26,3,0,0
BRDA:26,3,1,1
BRDA:26,4,0,1
BRDA:26,4,1,1
BRF:10
BRH:7
end_of_record
TN:
SF:/web/Hyral/packages/vue/src/Mixin/Resource.js
FN:4,(anonymous_0)
FN:8,(anonymous_1)
FN:15,(anonymous_2)
FN:23,(anonymous_3)
FNF:4
FNH:4
FNDA:1,(anonymous_0)
FNDA:1,(anonymous_1)
FNDA:1,(anonymous_2)
FNDA:2,(anonymous_3)
DA:5,1
DA:9,1
DA:10,0
DA:13,1
DA:16,1
DA:17,0
DA:20,1
DA:24,2
LF:8
LH:6
BRDA:9,0,0,0
BRDA:9,0,1,1
BRDA:9,1,0,1
BRDA:9,1,1,1
BRDA:16,2,0,0
BRDA:16,2,1,1
BRDA:16,3,0,1
BRDA:16,3,1,1
BRF:8
BRH:6
end_of_record
TN:
SF:/web/Hyral/packages/vue/src/Module/createStoreModule.js
FN:11,(anonymous_0)
FN:20,(anonymous_1)
FN:20,(anonymous_2)
FN:25,(anonymous_3)
FN:25,(anonymous_4)
FN:35,(anonymous_5)
FN:38,(anonymous_6)
FN:44,(anonymous_7)
FN:45,(anonymous_8)
FN:49,(anonymous_9)
FNF:10
FNH:10
FNDA:9,(anonymous_0)
FNDA:1,(anonymous_1)
FNDA:2,(anonymous_2)
FNDA:1,(anonymous_3)
FNDA:2,(anonymous_4)
FNDA:1,(anonymous_5)
FNDA:1,(anonymous_6)
FNDA:1,(anonymous_7)
FNDA:1,(anonymous_8)
FNDA:1,(anonymous_9)
DA:11,9
DA:20,2
DA:25,1
DA:26,2
DA:27,1
DA:30,2
DA:36,1
DA:39,1
DA:45,1
DA:46,1
DA:50,1
LF:11
LH:11
BRDA:23,0,0,2
BRDA:23,0,1,1
BRDA:26,1,0,1
BRDA:26,1,1,1
BRF:4
BRH:4
end_of_record
