TN:
SF:/web/Hyral/packages/core/src/index.js
FNF:0
FNH:0
LF:0
LH:0
BRF:0
BRH:0
end_of_record
TN:
SF:/web/Hyral/packages/core/src/Connector/HttpConnector.js
FN:35,HttpConnector
FN:59,(anonymous_1)
FN:72,(anonymous_2)
FN:83,(anonymous_3)
FN:92,(anonymous_4)
FN:104,(anonymous_5)
FN:116,(anonymous_6)
FN:122,(anonymous_7)
FNF:8
FNH:8
FNDA:7,HttpConnector
FNDA:2,(anonymous_1)
FNDA:2,(anonymous_2)
FNDA:1,(anonymous_3)
FNDA:1,(anonymous_4)
FNDA:1,(anonymous_5)
FNDA:1,(anonymous_6)
FNDA:1,(anonymous_7)
DA:44,7
DA:46,7
DA:47,7
DA:48,7
DA:52,7
DA:60,2
DA:73,2
DA:84,1
DA:93,1
DA:105,1
DA:117,1
DA:123,1
LF:12
LH:12
BRDA:44,0,0,6
BRDA:44,0,1,1
BRDA:48,1,0,5
BRDA:48,1,1,2
BRF:4
BRH:4
end_of_record
TN:
SF:/web/Hyral/packages/core/src/Resource/Collection.js
FN:17,collectionLoad
FN:18,(anonymous_1)
FN:28,(anonymous_2)
FN:42,(anonymous_3)
FN:56,Collection
FN:74,(anonymous_5)
FN:78,(anonymous_6)
FN:82,(anonymous_7)
FN:86,(anonymous_8)
FN:93,(anonymous_9)
FN:100,(anonymous_10)
FN:107,(anonymous_11)
FN:114,(anonymous_12)
FN:121,(anonymous_13)
FN:128,(anonymous_14)
FN:135,(anonymous_15)
FN:149,(anonymous_16)
FN:151,(anonymous_17)
FN:156,(anonymous_18)
FNF:19
FNH:19
FNDA:12,collectionLoad
FNDA:5,(anonymous_1)
FNDA:2,(anonymous_2)
FNDA:1,(anonymous_3)
FNDA:12,Collection
FNDA:9,(anonymous_5)
FNDA:6,(anonymous_6)
FNDA:44,(anonymous_7)
FNDA:7,(anonymous_8)
FNDA:7,(anonymous_9)
FNDA:6,(anonymous_10)
FNDA:7,(anonymous_11)
FNDA:14,(anonymous_12)
FNDA:8,(anonymous_13)
FNDA:13,(anonymous_14)
FNDA:21,(anonymous_15)
FNDA:12,(anonymous_16)
FNDA:12,(anonymous_17)
FNDA:2,(anonymous_18)
DA:18,12
DA:19,5
DA:21,2
DA:24,3
DA:28,3
DA:29,2
DA:43,1
DA:57,12
DA:73,12
DA:75,9
DA:79,6
DA:83,44
DA:87,7
DA:94,7
DA:101,6
DA:108,7
DA:115,14
DA:122,8
DA:129,13
DA:136,21
DA:140,12
DA:142,12
DA:145,4
DA:149,4
DA:150,12
DA:151,12
DA:156,4
DA:157,2
DA:159,2
DA:161,2
DA:162,2
DA:164,2
LF:32
LH:32
BRDA:19,0,0,2
BRDA:19,0,1,3
BRDA:19,1,0,5
BRDA:19,1,1,2
BRDA:37,2,0,1
BRDA:37,2,1,1
BRDA:94,3,0,7
BRDA:94,3,1,2
BRDA:101,4,0,6
BRDA:101,4,1,2
BRF:10
BRH:10
end_of_record
TN:
SF:/web/Hyral/packages/core/src/Resource/ParameterBag.js
FN:29,ParameterBag
FN:41,(anonymous_1)
FN:48,(anonymous_2)
FN:59,(anonymous_3)
FN:68,(anonymous_4)
FN:75,(anonymous_5)
FN:84,(anonymous_6)
FN:91,(anonymous_7)
FN:100,(anonymous_8)
FN:108,(anonymous_9)
FN:119,(anonymous_10)
FN:125,(anonymous_11)
FN:132,(anonymous_12)
FN:139,(anonymous_13)
FN:146,(anonymous_14)
FNF:15
FNH:15
FNDA:71,ParameterBag
FNDA:16,(anonymous_1)
FNDA:3,(anonymous_2)
FNDA:8,(anonymous_3)
FNDA:10,(anonymous_4)
FNDA:5,(anonymous_5)
FNDA:13,(anonymous_6)
FNDA:6,(anonymous_7)
FNDA:16,(anonymous_8)
FNDA:3,(anonymous_9)
FNDA:7,(anonymous_10)
FNDA:22,(anonymous_11)
FNDA:93,(anonymous_12)
FNDA:59,(anonymous_13)
FNDA:46,(anonymous_14)
DA:30,71
DA:37,71
DA:42,16
DA:49,3
DA:50,3
DA:51,3
DA:60,8
DA:69,10
DA:76,5
DA:85,13
DA:92,6
DA:101,16
DA:109,3
DA:120,7
DA:126,22
DA:133,93
DA:140,59
DA:146,8
DA:147,46
DA:149,46
DA:151,46
DA:152,46
DA:154,46
LF:23
LH:23
BRF:0
BRH:0
end_of_record
TN:
SF:/web/Hyral/packages/core/src/Resource/Repository.js
FN:16,Repository
FN:23,(anonymous_1)
FN:24,(anonymous_2)
FN:31,(anonymous_3)
FN:33,(anonymous_4)
FN:41,(anonymous_5)
FN:43,(anonymous_6)
FN:51,(anonymous_7)
FN:59,(anonymous_8)
FN:67,(anonymous_9)
FN:75,(anonymous_10)
FNF:11
FNH:11
FNDA:22,Repository
FNDA:2,(anonymous_1)
FNDA:2,(anonymous_2)
FNDA:3,(anonymous_3)
FNDA:3,(anonymous_4)
FNDA:4,(anonymous_5)
FNDA:4,(anonymous_6)
FNDA:1,(anonymous_7)
FNDA:2,(anonymous_8)
FNDA:2,(anonymous_9)
FNDA:1,(anonymous_10)
DA:17,22
DA:24,2
DA:32,3
DA:33,3
DA:42,4
DA:43,4
DA:52,1
DA:60,2
DA:68,2
DA:76,1
DA:80,22
DA:93,22
LF:12
LH:12
BRDA:33,0,0,2
BRDA:33,0,1,1
BRDA:33,1,0,3
BRDA:33,1,1,2
BRDA:33,1,2,2
BRDA:43,2,0,1
BRDA:43,2,1,3
BRDA:43,3,0,4
BRDA:43,3,1,3
BRDA:43,3,2,3
BRF:10
BRH:10
end_of_record
TN:
SF:/web/Hyral/packages/core/src/Resource/Resource.js
FN:38,Resource
FN:54,(anonymous_1)
FN:61,(anonymous_2)
FN:68,(anonymous_3)
FN:75,(anonymous_4)
FN:82,(anonymous_5)
FN:89,(anonymous_6)
FN:96,(anonymous_7)
FN:102,(anonymous_8)
FN:109,(anonymous_9)
FN:116,(anonymous_10)
FN:134,(anonymous_11)
FN:135,(anonymous_12)
FN:152,(anonymous_13)
FNF:14
FNH:14
FNDA:81,Resource
FNDA:126,(anonymous_1)
FNDA:44,(anonymous_2)
FNDA:107,(anonymous_3)
FNDA:13,(anonymous_4)
FNDA:86,(anonymous_5)
FNDA:1,(anonymous_6)
FNDA:9,(anonymous_7)
FNDA:120,(anonymous_8)
FNDA:52,(anonymous_9)
FNDA:17,(anonymous_10)
FNDA:81,(anonymous_11)
FNDA:86,(anonymous_12)
FNDA:2,(anonymous_13)
DA:39,81
DA:45,81
DA:50,81
DA:55,126
DA:62,44
DA:69,107
DA:76,13
DA:83,86
DA:90,1
DA:97,9
DA:103,120
DA:110,52
DA:117,17
DA:122,18
DA:134,18
DA:135,86
DA:152,18
LF:17
LH:17
BRDA:38,0,0,0
BRDA:38,1,0,0
BRDA:38,2,0,0
BRDA:41,3,0,81
BRDA:41,3,1,11
BRDA:42,4,0,81
BRDA:42,4,1,64
BRDA:134,5,0,0
BRDA:134,6,0,11
BRDA:134,7,0,64
BRDA:155,8,0,2
BRDA:155,8,1,1
BRDA:156,9,0,2
BRDA:156,9,1,2
BRF:14
BRH:10
end_of_record
TN:
SF:/web/Hyral/packages/core/src/Resource/repositoryManager.js
FN:29,(anonymous_0)
FN:39,(anonymous_1)
FN:50,(anonymous_2)
FN:56,(anonymous_3)
FNF:4
FNH:4
FNDA:20,(anonymous_0)
FNDA:22,(anonymous_1)
FNDA:20,(anonymous_2)
FNDA:1,(anonymous_3)
DA:14,22
DA:19,22
DA:21,22
DA:30,20
DA:32,20
DA:34,19
DA:40,22
DA:41,1
DA:43,21
DA:51,20
DA:57,1
LF:11
LH:11
BRDA:29,0,0,5
BRDA:40,1,0,1
BRDA:40,1,1,21
BRDA:51,2,0,20
BRDA:51,2,1,12
BRF:5
BRH:5
end_of_record
TN:
SF:/web/Hyral/packages/core/src/Resource/Change/ChangeSet.js
FN:25,ChangeSet
FN:31,(anonymous_1)
FN:43,(anonymous_2)
FNF:3
FNH:3
FNDA:8,ChangeSet
FNDA:61,(anonymous_1)
FNDA:8,(anonymous_2)
DA:27,8
DA:29,8
DA:32,61
DA:43,8
LF:4
LH:4
BRF:0
BRH:0
end_of_record
TN:
SF:/web/Hyral/packages/core/src/Resource/Change/ChangeSetExecuter.js
FN:2,ChangeSetExecutor
FN:9,(anonymous_1)
FN:12,(anonymous_2)
FN:13,(anonymous_3)
FN:19,(anonymous_4)
FN:22,(anonymous_5)
FNF:6
FNH:6
FNDA:8,ChangeSetExecutor
FNDA:1,(anonymous_1)
FNDA:1,(anonymous_2)
FNDA:2,(anonymous_3)
FNDA:3,(anonymous_4)
FNDA:6,(anonymous_5)
DA:3,8
DA:10,1
DA:12,1
DA:13,2
DA:20,3
DA:22,6
LF:6
LH:6
BRF:0
BRH:0
end_of_record
TN:
SF:/web/Hyral/packages/core/src/Resource/Change/Inspection.js
FN:9,resourceIsNew
FN:18,resourceHasChanged
FN:30,isTask
FNF:3
FNH:3
FNDA:71,resourceIsNew
FNDA:16,resourceHasChanged
FNDA:5,isTask
DA:10,71
DA:19,16
DA:31,5
LF:3
LH:3
BRDA:19,0,0,16
BRDA:19,0,1,13
BRDA:19,0,2,8
BRDA:31,1,0,5
BRDA:31,1,1,2
BRDA:31,1,2,1
BRF:6
BRH:6
end_of_record
TN:
SF:/web/Hyral/packages/core/src/Resource/Change/Relation/Relation.js
FN:13,getRelatedResources
FN:28,getAllRelatedResources
FN:35,(anonymous_2)
FN:45,getChangedResourceRelations
FN:58,(anonymous_4)
FN:60,(anonymous_5)
FN:63,(anonymous_6)
FNF:7
FNH:7
FNDA:35,getRelatedResources
FNDA:20,getAllRelatedResources
FNDA:17,(anonymous_2)
FNDA:12,getChangedResourceRelations
FNDA:7,(anonymous_4)
FNDA:5,(anonymous_5)
FNDA:6,(anonymous_6)
DA:14,35
DA:15,4
DA:18,31
DA:29,20
DA:30,1
DA:33,19
DA:35,17
DA:46,12
DA:47,1
DA:50,11
DA:51,2
DA:54,9
DA:55,3
DA:58,7
DA:60,5
DA:63,6
LF:16
LH:16
BRDA:14,0,0,4
BRDA:14,0,1,31
BRDA:18,1,0,3
BRDA:18,1,1,28
BRDA:29,2,0,1
BRDA:29,2,1,19
BRDA:46,3,0,1
BRDA:46,3,1,11
BRDA:50,4,0,2
BRDA:50,4,1,9
BRDA:50,5,0,11
BRDA:50,5,1,8
BRDA:54,6,0,3
BRDA:54,6,1,6
BRDA:54,7,0,9
BRDA:54,7,1,3
BRF:16
BRH:16
end_of_record
TN:
SF:/web/Hyral/packages/core/src/Resource/Change/Task/Task.js
FN:27,taskExecutor
FN:35,(anonymous_1)
FN:58,Task
FN:79,(anonymous_3)
FN:82,(anonymous_4)
FN:85,(anonymous_5)
FN:88,(anonymous_6)
FN:91,(anonymous_7)
FN:94,(anonymous_8)
FN:97,(anonymous_9)
FN:100,(anonymous_10)
FN:103,(anonymous_11)
FN:106,(anonymous_12)
FN:109,(anonymous_13)
FN:118,(anonymous_14)
FN:123,(anonymous_15)
FN:126,(anonymous_16)
FN:127,(anonymous_17)
FNF:18
FNH:18
FNDA:6,taskExecutor
FNDA:5,(anonymous_1)
FNDA:36,Task
FNDA:136,(anonymous_3)
FNDA:220,(anonymous_4)
FNDA:10,(anonymous_5)
FNDA:30,(anonymous_6)
FNDA:30,(anonymous_7)
FNDA:17,(anonymous_8)
FNDA:10,(anonymous_9)
FNDA:10,(anonymous_10)
FNDA:5,(anonymous_11)
FNDA:8,(anonymous_12)
FNDA:5,(anonymous_13)
FNDA:8,(anonymous_14)
FNDA:7,(anonymous_15)
FNDA:2,(anonymous_16)
FNDA:1,(anonymous_17)
DA:28,6
DA:29,1
DA:30,1
DA:33,5
DA:35,5
DA:36,5
DA:38,5
DA:39,1
DA:40,1
DA:43,4
DA:44,4
DA:45,4
DA:59,36
DA:61,36
DA:66,36
DA:71,36
DA:73,36
DA:78,36
DA:80,136
DA:83,220
DA:86,10
DA:89,30
DA:92,30
DA:95,17
DA:98,10
DA:101,10
DA:104,5
DA:107,8
DA:110,5
DA:114,36
DA:119,8
DA:120,1
DA:123,7
DA:124,7
DA:125,2
DA:126,2
DA:127,1
DA:129,2
DA:132,5
DA:135,7
LF:40
LH:40
BRDA:28,0,0,1
BRDA:28,0,1,5
BRDA:28,1,0,6
BRDA:28,1,1,6
BRDA:38,2,0,1
BRDA:38,2,1,4
BRDA:38,3,0,5
BRDA:38,3,1,2
BRDA:58,4,0,27
BRDA:119,5,0,1
BRDA:119,5,1,7
BRDA:124,6,0,2
BRDA:124,6,1,5
BRF:13
BRH:13
end_of_record
TN:
SF:/web/Hyral/packages/core/src/Resource/Change/Task/TaskGenerator.js
FN:11,TaskGenerator
FN:18,(anonymous_1)
FN:30,(anonymous_2)
FN:55,(anonymous_3)
FN:59,(anonymous_4)
FN:69,(anonymous_5)
FNF:6
FNH:6
FNDA:8,TaskGenerator
FNDA:10,(anonymous_1)
FNDA:4,(anonymous_2)
FNDA:4,(anonymous_3)
FNDA:3,(anonymous_4)
FNDA:1,(anonymous_5)
DA:12,8
DA:19,10
DA:20,1
DA:23,9
DA:24,1
DA:27,8
DA:28,8
DA:30,8
DA:31,4
DA:41,4
DA:42,1
DA:45,4
DA:47,4
DA:56,4
DA:57,4
DA:58,4
DA:59,3
DA:62,4
DA:70,1
LF:19
LH:19
BRDA:19,0,0,1
BRDA:19,0,1,9
BRDA:19,1,0,10
BRDA:19,1,1,1
BRDA:23,2,0,1
BRDA:23,2,1,8
BRDA:27,3,0,3
BRDA:27,3,1,5
BRDA:41,4,0,1
BRDA:41,4,1,3
BRF:10
BRH:10
end_of_record
TN:
SF:/web/Hyral/packages/core/src/Resource/Change/Task/Helpers/filterExistingDependencies.js
FN:2,filterExistingDependencies
FN:4,(anonymous_1)
FNF:2
FNH:2
FNDA:22,filterExistingDependencies
FNDA:14,(anonymous_1)
DA:3,22
DA:4,14
LF:2
LH:2
BRF:0
BRH:0
end_of_record
TN:
SF:/web/Hyral/packages/core/src/Resource/Change/Task/Helpers/findCreateTasksForResources.js
FN:4,findCreateTasksForResources
FN:10,(anonymous_1)
FN:11,(anonymous_2)
FN:12,(anonymous_3)
FNF:4
FNH:4
FNDA:24,findCreateTasksForResources
FNDA:20,(anonymous_1)
FNDA:15,(anonymous_2)
FNDA:15,(anonymous_3)
DA:5,24
DA:6,1
DA:9,23
DA:10,20
DA:11,15
DA:12,15
LF:6
LH:6
BRDA:5,0,0,1
BRDA:5,0,1,23
BRF:2
BRH:2
end_of_record
TN:
SF:/web/Hyral/packages/core/src/Resource/Change/Task/Helpers/findTaskByPayload.js
FN:8,findTaskByPayload
FN:9,(anonymous_1)
FNF:2
FNH:2
FNDA:30,findTaskByPayload
FNDA:89,(anonymous_1)
DA:9,89
LF:1
LH:1
BRF:0
BRH:0
end_of_record
TN:
SF:/web/Hyral/packages/core/src/Resource/Change/Task/Helpers/setTaskDependencies.js
FN:9,setTaskDependencies
FN:16,(anonymous_1)
FN:17,(anonymous_2)
FNF:3
FNH:3
FNDA:4,setTaskDependencies
FNDA:21,(anonymous_1)
FNDA:42,(anonymous_2)
DA:10,4
DA:15,4
DA:16,21
DA:17,42
LF:4
LH:4
BRF:0
BRH:0
end_of_record
TN:
SF:/web/Hyral/packages/core/src/Resource/Change/Task/Helpers/Dependencies/createTaskDependencies.js
FN:5,createTaskDependencies
FNF:1
FNH:1
FNDA:21,createTaskDependencies
DA:6,21
DA:7,7
DA:10,14
DA:12,14
DA:17,14
DA:18,12
DA:21,2
DA:23,2
LF:8
LH:8
BRDA:6,0,0,7
BRDA:6,0,1,14
BRDA:6,1,0,21
BRDA:6,1,1,15
BRDA:17,2,0,12
BRDA:17,2,1,2
BRDA:17,3,0,14
BRDA:17,3,1,14
BRF:8
BRH:8
end_of_record
TN:
SF:/web/Hyral/packages/core/src/Resource/Change/Task/Helpers/Dependencies/relatedTaskDependencies.js
FN:4,relatedTaskDependencies
FNF:1
FNH:1
FNDA:21,relatedTaskDependencies
DA:5,21
DA:6,14
DA:9,7
DA:14,7
DA:15,5
DA:18,2
DA:20,2
LF:7
LH:7
BRDA:5,0,0,14
BRDA:5,0,1,7
BRDA:14,1,0,5
BRDA:14,1,1,2
BRDA:14,2,0,7
BRDA:14,2,1,7
BRF:6
BRH:6
end_of_record
TN:
SF:/web/Hyral/packages/core/src/Resource/Decorator/Collection/parameterBagDecorator.js
FN:12,createProxyProperty
FN:17,(anonymous_1)
FN:25,(anonymous_2)
FN:41,collectionParameterBagDecorator
FN:47,(anonymous_4)
FN:48,(anonymous_5)
FNF:6
FNH:6
FNDA:120,createProxyProperty
FNDA:10,(anonymous_1)
FNDA:6,(anonymous_2)
FNDA:12,collectionParameterBagDecorator
FNDA:156,(anonymous_4)
FNDA:120,(anonymous_5)
DA:13,120
DA:14,48
DA:17,10
DA:22,72
DA:26,6
DA:27,6
DA:30,6
DA:42,12
DA:44,12
DA:47,156
DA:48,120
DA:61,12
LF:12
LH:12
BRDA:13,0,0,48
BRDA:13,0,1,72
BRF:2
BRH:2
end_of_record
TN:
SF:/web/Hyral/packages/core/src/Resource/Decorator/Resource/lazyLoadingDecorator.js
FN:4,lazyLoadingDecorator
FN:9,(anonymous_1)
FN:18,(anonymous_2)
FN:22,(anonymous_3)
FN:30,(anonymous_4)
FNF:5
FNH:5
FNDA:81,lazyLoadingDecorator
FNDA:5,(anonymous_1)
FNDA:3,(anonymous_2)
FNDA:2,(anonymous_3)
FNDA:107,(anonymous_4)
DA:5,81
DA:7,81
DA:10,5
DA:12,5
DA:13,5
DA:14,1
DA:17,4
DA:19,3
DA:20,2
DA:23,2
DA:24,2
DA:31,107
DA:32,104
DA:35,3
DA:37,3
DA:42,81
LF:16
LH:16
BRDA:13,0,0,1
BRDA:13,0,1,4
BRDA:31,1,0,104
BRDA:31,1,1,3
BRDA:31,2,0,107
BRDA:31,2,1,3
BRF:6
BRH:6
end_of_record
TN:
SF:/web/Hyral/packages/core/src/Resource/Decorator/Resource/relationshipsDecorator.js
FN:3,createRelationshipsDecorator
FN:4,(anonymous_1)
FN:9,(anonymous_2)
FNF:3
FNH:3
FNDA:3,createRelationshipsDecorator
FNDA:54,(anonymous_1)
FNDA:57,(anonymous_2)
DA:4,3
DA:5,54
DA:7,54
DA:10,57
DA:12,57
DA:13,53
DA:16,4
DA:20,54
LF:8
LH:8
BRDA:12,0,0,53
BRDA:12,0,1,4
BRDA:13,1,0,53
BRDA:13,1,1,20
BRF:4
BRH:4
end_of_record
TN:
SF:/web/Hyral/packages/core/src/State/State.js
FN:6,currentState
FN:13,previousState
FN:21,mutateState
FN:25,(anonymous_3)
FN:26,(anonymous_4)
FN:37,setState
FN:44,resetState
FNF:7
FNH:7
FNDA:792,currentState
FNDA:39,previousState
FNDA:61,mutateState
FNDA:279,(anonymous_3)
FNDA:215,(anonymous_4)
FNDA:57,setState
FNDA:52,resetState
DA:7,792
DA:14,39
DA:22,61
DA:24,61
DA:25,279
DA:27,215
DA:30,61
DA:38,57
DA:46,52
DA:48,52
LF:10
LH:10
BRDA:14,0,0,29
BRDA:14,0,1,10
BRDA:27,1,0,65
BRDA:27,1,1,150
BRF:4
BRH:4
end_of_record
TN:
SF:/web/Hyral/packages/json-api/src/index.js
FNF:0
FNH:0
LF:0
LH:0
BRF:0
BRH:0
end_of_record
TN:
SF:/web/Hyral/packages/json-api/src/Request/paramsSerializer.js
FN:10,paramsSerializer
FNF:1
FNH:1
FNDA:6,paramsSerializer
DA:11,6
DA:12,5
DA:15,1
LF:3
LH:3
BRDA:11,0,0,5
BRDA:11,0,1,1
BRDA:11,1,0,6
BRDA:11,1,1,2
BRF:4
BRH:4
end_of_record
TN:
SF:/web/Hyral/packages/json-api/src/Request/requestSerializer.js
FN:8,requestSerializer
FN:14,(anonymous_1)
FNF:2
FNH:2
FNDA:6,requestSerializer
FNDA:12,(anonymous_1)
DA:9,6
DA:14,12
LF:2
LH:2
BRF:0
BRH:0
end_of_record
TN:
SF:/web/Hyral/packages/json-api/src/Request/urlSerializer.js
FN:10,(anonymous_0)
FN:20,(anonymous_1)
FN:29,(anonymous_2)
FN:39,(anonymous_3)
FN:49,(anonymous_4)
FN:60,(anonymous_5)
FNF:6
FNH:6
FNDA:1,(anonymous_0)
FNDA:1,(anonymous_1)
FNDA:1,(anonymous_2)
FNDA:1,(anonymous_3)
FNDA:1,(anonymous_4)
FNDA:1,(anonymous_5)
DA:4,1
DA:11,1
DA:21,1
DA:30,1
DA:40,1
DA:50,1
DA:61,1
LF:7
LH:7
BRF:0
BRH:0
end_of_record
TN:
SF:/web/Hyral/packages/json-api/src/Request/urlSerializerPlural.js
FN:12,(anonymous_0)
FN:22,(anonymous_1)
FN:31,(anonymous_2)
FN:41,(anonymous_3)
FN:51,(anonymous_4)
FN:62,(anonymous_5)
FNF:6
FNH:6
FNDA:1,(anonymous_0)
FNDA:1,(anonymous_1)
FNDA:1,(anonymous_2)
FNDA:1,(anonymous_3)
FNDA:1,(anonymous_4)
FNDA:1,(anonymous_5)
DA:13,1
DA:23,1
DA:32,1
DA:42,1
DA:52,1
DA:63,1
LF:6
LH:6
BRF:0
BRH:0
end_of_record
TN:
SF:/web/Hyral/packages/json-api/src/Request/Params/serializeFilters.js
FN:4,serializeFilters
FN:7,(anonymous_1)
FNF:2
FNH:2
FNDA:2,serializeFilters
FNDA:3,(anonymous_1)
DA:5,2
DA:7,2
DA:8,3
DA:11,2
LF:4
LH:4
BRF:0
BRH:0
end_of_record
TN:
SF:/web/Hyral/packages/json-api/src/Request/Params/serializePaging.js
FN:6,serializePaging
FNF:1
FNH:1
FNDA:2,serializePaging
DA:7,2
LF:1
LH:1
BRF:0
BRH:0
end_of_record
TN:
SF:/web/Hyral/packages/json-api/src/Request/Params/serializeParams.js
FN:4,serializeParams
FNF:1
FNH:1
FNDA:3,serializeParams
DA:5,3
LF:1
LH:1
BRDA:5,0,0,3
BRDA:5,0,1,1
BRF:2
BRH:2
end_of_record
TN:
SF:/web/Hyral/packages/json-api/src/Request/Params/serializeSorting.js
FN:4,serializeSorting
FN:8,(anonymous_1)
FNF:2
FNH:2
FNDA:3,serializeSorting
FNDA:5,(anonymous_1)
DA:5,3
DA:6,1
DA:8,2
DA:9,5
DA:11,5
DA:14,2
LF:6
LH:6
BRDA:5,0,0,1
BRDA:5,0,1,2
BRDA:9,1,0,2
BRDA:9,1,1,3
BRF:4
BRH:4
end_of_record
TN:
SF:/web/Hyral/packages/json-api/src/Request/Serializers/serializeCreateUpdateTask.js
FN:10,serializeCreateUpdateTask
FNF:1
FNH:1
FNDA:11,serializeCreateUpdateTask
DA:11,11
DA:12,1
DA:15,10
DA:16,4
DA:19,6
DA:20,6
DA:21,6
DA:22,6
DA:26,6
LF:9
LH:9
BRDA:11,0,0,1
BRDA:11,0,1,10
BRDA:15,1,0,4
BRDA:15,1,1,6
BRDA:15,2,0,10
BRDA:15,2,1,8
BRDA:20,3,0,4
BRDA:20,3,1,2
BRDA:22,4,0,2
BRDA:22,4,1,4
BRDA:22,5,0,6
BRDA:22,5,1,6
BRF:12
BRH:12
end_of_record
TN:
SF:/web/Hyral/packages/json-api/src/Request/Serializers/serializeRelationTask.js
FN:10,serializeRelationTask
FNF:1
FNH:1
FNDA:15,serializeRelationTask
DA:11,15
DA:12,4
DA:15,11
DA:16,1
DA:19,10
DA:20,2
DA:25,8
LF:7
LH:7
BRDA:11,0,0,4
BRDA:11,0,1,11
BRDA:15,1,0,1
BRDA:15,1,1,10
BRDA:19,2,0,2
BRDA:19,2,1,8
BRDA:19,3,0,10
BRDA:19,3,1,10
BRDA:26,4,0,4
BRDA:26,4,1,4
BRF:10
BRH:10
end_of_record
TN:
SF:/web/Hyral/packages/json-api/src/Request/Serializers/Helpers/serializeAttributes.js
FN:8,serializeAttributes
FNF:1
FNH:1
FNDA:6,serializeAttributes
DA:9,6
LF:1
LH:1
BRF:0
BRH:0
end_of_record
TN:
SF:/web/Hyral/packages/json-api/src/Request/Serializers/Helpers/serializeRelationship.js
FN:6,serializeRelationship
FNF:1
FNH:1
FNDA:12,serializeRelationship
DA:7,12
LF:1
LH:1
BRF:0
BRH:0
end_of_record
TN:
SF:/web/Hyral/packages/json-api/src/Request/Serializers/Helpers/serializeResourceRelationships.js
FN:8,serializeResourceRelationships
FN:10,(anonymous_1)
FNF:2
FNH:2
FNDA:2,serializeResourceRelationships
FNDA:4,(anonymous_1)
DA:9,2
DA:11,4
DA:13,4
LF:3
LH:3
BRF:0
BRH:0
end_of_record
TN:
SF:/web/Hyral/packages/json-api/src/Response/responseNormalizer.js
FN:39,responseNormalizer
FNF:1
FNH:1
FNDA:13,responseNormalizer
DA:40,13
DA:41,1
DA:44,12
DA:45,1
DA:48,11
DA:50,11
DA:51,11
DA:53,11
DA:54,11
DA:56,11
DA:57,11
DA:58,2
DA:63,9
LF:13
LH:13
BRDA:40,0,0,1
BRDA:40,0,1,12
BRDA:44,1,0,1
BRDA:44,1,1,11
BRDA:50,2,0,10
BRDA:50,2,1,1
BRDA:53,3,0,2
BRDA:53,3,1,9
BRDA:57,4,0,2
BRDA:57,4,1,9
BRF:10
BRH:10
end_of_record
TN:
SF:/web/Hyral/packages/json-api/src/Response/Resource/normalizePaging.js
FN:9,normalizePaging
FNF:1
FNH:1
FNDA:9,normalizePaging
DA:10,9
DA:11,1
DA:17,8
DA:21,8
DA:22,8
DA:24,8
LF:6
LH:6
BRDA:10,0,0,1
BRDA:10,0,1,8
BRDA:10,1,0,9
BRDA:10,1,1,9
BRF:4
BRH:4
end_of_record
TN:
SF:/web/Hyral/packages/json-api/src/Response/Resource/normalizeResource.js
FN:5,guessRelationCardinality
FN:14,getResourcesFromData
FN:17,(anonymous_2)
FN:26,getRelationDefinitionFromData
FN:28,(anonymous_4)
FN:45,normalizeResource
FNF:6
FNH:6
FNDA:22,guessRelationCardinality
FNDA:20,getResourcesFromData
FNDA:71,(anonymous_2)
FNDA:6,getRelationDefinitionFromData
FNDA:22,(anonymous_4)
FNDA:40,normalizeResource
DA:6,22
DA:15,20
DA:17,71
DA:27,6
DA:28,22
DA:46,40
DA:47,20
DA:50,20
DA:56,20
DA:57,6
DA:60,20
LF:11
LH:11
BRDA:6,0,0,6
BRDA:6,0,1,16
BRDA:46,1,0,20
BRDA:46,1,1,20
BRDA:56,2,0,6
BRDA:56,2,1,14
BRF:6
BRH:6
end_of_record
TN:
SF:/web/Hyral/packages/json-api/src/Response/Resource/normalizeResources.js
FN:8,normalizeResources
FN:11,(anonymous_1)
FNF:2
FNH:2
FNDA:21,normalizeResources
FNDA:40,(anonymous_1)
DA:9,21
DA:11,21
DA:12,40
DA:15,21
LF:4
LH:4
BRF:0
BRH:0
end_of_record
TN:
SF:/web/Hyral/packages/json-api/src/Response/Resource/Relationship/relationshipApplyToData.js
FN:7,relationshipApplyToData
FN:8,(anonymous_1)
FN:9,(anonymous_2)
FN:22,(anonymous_3)
FNF:4
FNH:4
FNDA:22,relationshipApplyToData
FNDA:40,(anonymous_1)
FNDA:92,(anonymous_2)
FNDA:22,(anonymous_3)
DA:8,22
DA:9,40
DA:10,92
DA:11,32
DA:14,60
DA:16,40
DA:17,40
DA:21,20
DA:22,22
LF:9
LH:9
BRDA:10,0,0,32
BRDA:10,0,1,60
BRDA:14,1,0,40
BRDA:14,1,1,20
BRF:4
BRH:4
end_of_record
TN:
SF:/web/Hyral/packages/json-api/src/Response/Resource/Relationship/relationshipGetResource.js
FN:9,relationshipGetResource
FNF:1
FNH:1
FNDA:62,relationshipGetResource
DA:10,62
LF:1
LH:1
BRDA:10,0,0,62
BRDA:10,0,1,33
BRF:2
BRH:2
end_of_record
TN:
SF:/web/Hyral/packages/json-api/src/Response/Resource/Relationship/relationshipGetType.js
FN:6,relationshipGetType
FNF:1
FNH:1
FNDA:22,relationshipGetType
DA:7,22
DA:8,6
DA:11,16
DA:12,4
DA:15,12
LF:5
LH:5
BRDA:7,0,0,6
BRDA:7,0,1,16
BRDA:7,1,0,22
BRDA:7,1,1,18
BRDA:7,1,2,6
BRDA:11,2,0,4
BRDA:11,2,1,12
BRF:7
BRH:7
end_of_record
TN:
SF:/web/Hyral/packages/vue/src/createVuexPlugin.js
FN:3,(anonymous_0)
FN:3,(anonymous_1)
FN:4,(anonymous_2)
FNF:3
FNH:3
FNDA:1,(anonymous_0)
FNDA:1,(anonymous_1)
FNDA:2,(anonymous_2)
DA:3,1
DA:4,1
DA:5,2
DA:6,2
LF:4
LH:4
BRF:0
BRH:0
end_of_record
TN:
SF:/web/Hyral/packages/vue/src/index.js
FNF:0
FNH:0
LF:0
LH:0
BRF:0
BRH:0
end_of_record
TN:
SF:/web/Hyral/packages/vue/src/Collection/createVuexCollectionFromState.js
FN:3,addLoadProxy
FN:7,(anonymous_1)
FN:7,(anonymous_2)
FN:13,(anonymous_3)
FN:21,addParameterBagProxy
FN:27,(anonymous_5)
FN:39,createVuexCollectionFromState
FNF:7
FNH:7
FNDA:4,addLoadProxy
FNDA:1,(anonymous_1)
FNDA:1,(anonymous_2)
FNDA:1,(anonymous_3)
FNDA:4,addParameterBagProxy
FNDA:1,(anonymous_5)
FNDA:4,createVuexCollectionFromState
DA:4,4
DA:6,4
DA:7,1
DA:8,1
DA:13,1
DA:14,1
DA:16,1
DA:22,4
DA:23,4
DA:28,1
DA:30,1
DA:40,4
DA:42,4
DA:43,4
DA:45,4
LF:15
LH:15
BRF:0
BRH:0
end_of_record
TN:
SF:/web/Hyral/packages/vue/src/Mixin/Collection.js
FN:4,(anonymous_0)
FN:16,(anonymous_1)
FN:25,(anonymous_2)
FN:33,(anonymous_3)
FNF:4
FNH:4
FNDA:2,(anonymous_0)
FNDA:2,(anonymous_1)
FNDA:2,(anonymous_2)
FNDA:2,(anonymous_3)
DA:5,2
DA:7,2
DA:8,1
DA:11,1
DA:13,1
DA:17,2
DA:18,1
DA:23,1
DA:26,2
DA:27,1
DA:30,1
DA:34,2
LF:12
LH:12
BRDA:7,0,0,1
BRDA:7,0,1,1
BRDA:17,1,0,1
BRDA:17,1,1,1
BRDA:17,2,0,2
BRDA:17,2,1,1
BRDA:26,3,0,1
BRDA:26,3,1,1
BRDA:26,4,0,2
BRDA:26,4,1,1
BRF:10
BRH:10
end_of_record
TN:
SF:/web/Hyral/packages/vue/src/Mixin/Resource.js
FN:4,(anonymous_0)
FN:8,(anonymous_1)
FN:15,(anonymous_2)
FN:23,(anonymous_3)
FNF:4
FNH:4
FNDA:1,(anonymous_0)
FNDA:2,(anonymous_1)
FNDA:2,(anonymous_2)
FNDA:2,(anonymous_3)
DA:5,1
DA:9,2
DA:10,1
DA:13,1
DA:16,2
DA:17,1
DA:20,1
DA:24,2
LF:8
LH:8
BRDA:9,0,0,1
BRDA:9,0,1,1
BRDA:9,1,0,2
BRDA:9,1,1,1
BRDA:16,2,0,1
BRDA:16,2,1,1
BRDA:16,3,0,2
BRDA:16,3,1,1
BRF:8
BRH:8
end_of_record
TN:
SF:/web/Hyral/packages/vue/src/Module/createStoreModule.js
FN:11,(anonymous_0)
FN:20,(anonymous_1)
FN:20,(anonymous_2)
FN:25,(anonymous_3)
FN:25,(anonymous_4)
FN:35,(anonymous_5)
FN:38,(anonymous_6)
FN:44,(anonymous_7)
FN:45,(anonymous_8)
FN:49,(anonymous_9)
FNF:10
FNH:10
FNDA:9,(anonymous_0)
FNDA:1,(anonymous_1)
FNDA:2,(anonymous_2)
FNDA:1,(anonymous_3)
FNDA:2,(anonymous_4)
FNDA:1,(anonymous_5)
FNDA:1,(anonymous_6)
FNDA:1,(anonymous_7)
FNDA:1,(anonymous_8)
FNDA:1,(anonymous_9)
DA:11,9
DA:20,2
DA:25,1
DA:26,2
DA:27,1
DA:30,2
DA:36,1
DA:39,1
DA:45,1
DA:46,1
DA:50,1
LF:11
LH:11
BRDA:23,0,0,2
BRDA:23,0,1,1
BRDA:26,1,0,1
BRDA:26,1,1,1
BRF:4
BRH:4
end_of_record
